This is pdfTeX, Version 3.14159265-2.6-1.40.21 (MiKTeX 20.12) (preloaded format=pdflatex 2021.1.4)  26 APR 2023 15:39
entering extended mode
**./ch-aa-titel.tex
(ch-aa-titel.tex
LaTeX2e <2020-10-01> patch level 2
L3 programming layer <2020-12-07> xparse <2020-03-03>

! LaTeX Error: Environment titlepage undefined.

See the LaTeX manual or LaTeX Companion for explanation.
Type  H <return>  for immediate help.
 ...                                              
                                                  
l.6 \begin{titlepage}
                     
Your command was ignored.
Type  I <command> <return>  to replace it with another command,
or  <return>  to continue without it.


! LaTeX Error: Missing \begin{document}.

See the LaTeX manual or LaTeX Companion for explanation.
Type  H <return>  for immediate help.
 ...                                              
                                                  
l.9       \hfill
                 \includegraphics[width=5cm]{fig/aa-titel/HE_Logo_4c}
You're in trouble here.  Try typing  <return>  to proceed.
If that doesn't work, type  X <return>  to quit.

! Undefined control sequence.
l.9       \hfill \includegraphics
                                 [width=5cm]{fig/aa-titel/HE_Logo_4c}
The control sequence at the end of the top line
of your error message was never \def'ed. If you have
misspelled it (e.g., `\hobx'), type `I' and the correct
spelling (e.g., `I\hbox'). Otherwise just continue,
and I'll forget about whatever was undefined.

! Missing $ inserted.
<inserted text> 
                $
l.9 ...includegraphics[width=5cm]{fig/aa-titel/HE_
                                                  Logo_4c}
I've inserted a begin-math/end-math symbol since I think
you left one out. Proceed, with fingers crossed.

LaTeX Font Info:    External font `cmex10' loaded for size
(Font)              <7> on input line 9.
LaTeX Font Info:    External font `cmex10' loaded for size
(Font)              <5> on input line 9.
! Extra }, or forgotten $.
l.9 ...raphics[width=5cm]{fig/aa-titel/HE_Logo_4c}
                                                  
I've deleted a group-closing symbol because it seems to be
spurious, as in `$x}$'. But perhaps the } is legitimate and
you forgot something else, as in `\hbox{$x}'. In such cases
the way to recover is to insert both the forgotten and the
deleted material, e.g., by typing `I$}'.

! Undefined control sequence.
l.12       \Large
                 
The control sequence at the end of the top line
of your error message was never \def'ed. If you have
misspelled it (e.g., `\hobx'), type `I' and the correct
spelling (e.g., `I\hbox'). Otherwise just continue,
and I'll forget about whatever was undefined.


! LaTeX Error: There's no line here to end.

See the LaTeX manual or LaTeX Companion for explanation.
Type  H <return>  for immediate help.
 ...                                              
                                                  
l.13       \vlinespace{3}\\
                           
Your command was ignored.
Type  I <command> <return>  to replace it with another command,
or  <return>  to continue without it.

! Missing $ inserted.
<inserted text> 
                $
l.13       \vlinespace{3}\\
                           
I've inserted a begin-math/end-math symbol since I think
you left one out. Proceed, with fingers crossed.


Overfull \hbox (20.0pt too wide) in paragraph at lines 9--13
[]
 []


Overfull \hbox (82.41681pt too wide) in paragraph at lines 9--13
\OT1/cmss/m/n/10 [width=5cm]fig/aa-
 []


Overfull \hbox (64.12282pt too wide) in paragraph at lines 9--13
\OT1/cmss/m/n/10 titel/HE$[]\OML/cmm/m/it/10 ogo[]c[]$ 
 []

! Undefined control sequence.
<recently read> \workTyp 
                         
l.14       \workTyp
                   \\
The control sequence at the end of the top line
of your error message was never \def'ed. If you have
misspelled it (e.g., `\hobx'), type `I' and the correct
spelling (e.g., `I\hbox'). Otherwise just continue,
and I'll forget about whatever was undefined.


! LaTeX Error: There's no line here to end.

See the LaTeX manual or LaTeX Companion for explanation.
Type  H <return>  for immediate help.
 ...                                              
                                                  
l.15       \huge
                
Your command was ignored.
Type  I <command> <return>  to replace it with another command,
or  <return>  to continue without it.

! Undefined control sequence.
<recently read> \huge 
                      
l.15       \huge
                
The control sequence at the end of the top line
of your error message was never \def'ed. If you have
misspelled it (e.g., `\hobx'), type `I' and the correct
spelling (e.g., `I\hbox'). Otherwise just continue,
and I'll forget about whatever was undefined.

! Undefined control sequence.
l.16       \workTitel
                     \\
The control sequence at the end of the top line
of your error message was never \def'ed. If you have
misspelled it (e.g., `\hobx'), type `I' and the correct
spelling (e.g., `I\hbox'). Otherwise just continue,
and I'll forget about whatever was undefined.


! LaTeX Error: There's no line here to end.

See the LaTeX manual or LaTeX Companion for explanation.
Type  H <return>  for immediate help.
 ...                                              
                                                  
l.18       \Large
                 
Your command was ignored.
Type  I <command> <return>  to replace it with another command,
or  <return>  to continue without it.

! Undefined control sequence.
<recently read> \Large 
                       
l.18       \Large
                 
The control sequence at the end of the top line
of your error message was never \def'ed. If you have
misspelled it (e.g., `\hobx'), type `I' and the correct
spelling (e.g., `I\hbox'). Otherwise just continue,
and I'll forget about whatever was undefined.


! LaTeX Error: Missing \begin{document}.

See the LaTeX manual or LaTeX Companion for explanation.
Type  H <return>  for immediate help.
 ...                                              
                                                  
l.20           i
                m Studiengang \workStudiengang \\
You're in trouble here.  Try typing  <return>  to proceed.
If that doesn't work, type  X <return>  to quit.

! Undefined control sequence.
l.20           im Studiengang \workStudiengang
                                               \\
The control sequence at the end of the top line
of your error message was never \def'ed. If you have
misspelled it (e.g., `\hobx'), type `I' and the correct
spelling (e.g., `I\hbox'). Otherwise just continue,
and I'll forget about whatever was undefined.

! Undefined control sequence.
<recently read> \workSemester 
                              
l.23       \workSemester
                        \\
The control sequence at the end of the top line
of your error message was never \def'ed. If you have
misspelled it (e.g., `\hobx'), type `I' and the correct
spelling (e.g., `I\hbox'). Otherwise just continue,
and I'll forget about whatever was undefined.

! Undefined control sequence.
l.26       \workNameStudent
                           
The control sequence at the end of the top line
of your error message was never \def'ed. If you have
misspelled it (e.g., `\hobx'), type `I' and the correct
spelling (e.g., `I\hbox'). Otherwise just continue,
and I'll forget about whatever was undefined.


Overfull \hbox (30.33334pt too wide) in paragraph at lines 20--28
[]\OT1/cmss/m/n/10 im
 []


Overfull \hbox (17.66669pt too wide) in paragraph at lines 20--28
\OT1/cmss/m/n/10 Stu-
 []


Overfull \hbox (10.88889pt too wide) in paragraph at lines 20--28
\OT1/cmss/m/n/10 di-
 []


Overfull \hbox (12.94444pt too wide) in paragraph at lines 20--28
\OT1/cmss/m/n/10 en-
 []


Overfull \hbox (19.97227pt too wide) in paragraph at lines 20--28
\OT1/cmss/m/n/10 gang 
 []


Overfull \hbox (13.0278pt too wide) in paragraph at lines 20--28
\OT1/cmss/m/n/10 der
 []


Overfull \hbox (34.69453pt too wide) in paragraph at lines 20--28
\OT1/cmss/m/n/10 Fakultat
 []


Overfull \hbox (11.2778pt too wide) in paragraph at lines 20--28
\OT1/cmss/m/n/10 In-
 []


Overfull \hbox (14.52782pt too wide) in paragraph at lines 20--28
\OT1/cmss/m/n/10 for-
 []


Overfull \hbox (16.08336pt too wide) in paragraph at lines 20--28
\OT1/cmss/m/n/10 ma-
 []


Overfull \hbox (19.50002pt too wide) in paragraph at lines 20--28
\OT1/cmss/m/n/10 tion-
 []


Overfull \hbox (24.83333pt too wide) in paragraph at lines 20--28
\OT1/cmss/m/n/10 stech-
 []


Overfull \hbox (12.44447pt too wide) in paragraph at lines 20--28
\OT1/cmss/m/n/10 nik 
 []

! Undefined control sequence.
l.31    \large
              
The control sequence at the end of the top line
of your error message was never \def'ed. If you have
misspelled it (e.g., `\hobx'), type `I' and the correct
spelling (e.g., `I\hbox'). Otherwise just continue,
and I'll forget about whatever was undefined.


! LaTeX Error: Missing \begin{document}.

See the LaTeX manual or LaTeX Companion for explanation.
Type  H <return>  for immediate help.
 ...                                              
                                                  
l.32    \titleemph{Zeitraum:}
                              \workZeitraum \\ % Nur bei Abschluss-Arbeiten
You're in trouble here.  Try typing  <return>  to proceed.
If that doesn't work, type  X <return>  to quit.

! Undefined control sequence.
l.32    \titleemph{Zeitraum:} \workZeitraum
                                            \\ % Nur bei Abschluss-Arbeiten
The control sequence at the end of the top line
of your error message was never \def'ed. If you have
misspelled it (e.g., `\hobx'), type `I' and the correct
spelling (e.g., `I\hbox'). Otherwise just continue,
and I'll forget about whatever was undefined.


Overfull \hbox (44.73631pt too wide) in paragraph at lines 32--32
[]\OT1/cmss/bx/n/10 Zeitraum:  
 []


! LaTeX Error: Missing \begin{document}.

See the LaTeX manual or LaTeX Companion for explanation.
Type  H <return>  for immediate help.
 ...                                              
                                                  
l.34    \titleemph{Erstprüfer:}
                                 Prof. Dr. Carmen A. Finckh \\
You're in trouble here.  Try typing  <return>  to proceed.
If that doesn't work, type  X <return>  to quit.


Overfull \hbox (48.28635pt too wide) in paragraph at lines 34--34
[]\OT1/cmss/bx/n/10 Erstprufer: 
 []


Overfull \hbox (20.63896pt too wide) in paragraph at lines 34--34
\OT1/cmss/m/n/10 Prof. 
 []


Overfull \hbox (13.41673pt too wide) in paragraph at lines 34--34
\OT1/cmss/m/n/10 Dr. 
 []


Overfull \hbox (17.6667pt too wide) in paragraph at lines 34--34
\OT1/cmss/m/n/10 Car- 
 []


Overfull \hbox (17.55557pt too wide) in paragraph at lines 34--34
\OT1/cmss/m/n/10 men 
 []


Overfull \hbox (9.44447pt too wide) in paragraph at lines 34--34
\OT1/cmss/m/n/10 A. 
 []


Overfull \hbox (27.75006pt too wide) in paragraph at lines 34--34
\OT1/cmss/m/n/10 Finckh  
 []


! LaTeX Error: Missing \begin{document}.

See the LaTeX manual or LaTeX Companion for explanation.
Type  H <return>  for immediate help.
 ...                                              
                                                  
l.35    \titleemph{Zweitprüfer:}
                                  Prof. \workZweitPruefer \\ % Nur bei Absch...

You're in trouble here.  Try typing  <return>  to proceed.
If that doesn't work, type  X <return>  to quit.

! Undefined control sequence.
l.35 ...mph{Zweitprüfer:} Prof. \workZweitPruefer
                                                   \\ % Nur bei Abschluss-Ar...
The control sequence at the end of the top line
of your error message was never \def'ed. If you have
misspelled it (e.g., `\hobx'), type `I' and the correct
spelling (e.g., `I\hbox'). Otherwise just continue,
and I'll forget about whatever was undefined.


Overfull \hbox (55.45857pt too wide) in paragraph at lines 35--35
[]\OT1/cmss/bx/n/10 Zweitprufer: 
 []


Overfull \hbox (20.63896pt too wide) in paragraph at lines 35--35
\OT1/cmss/m/n/10 Prof.  
 []


! LaTeX Error: Missing \begin{document}.

See the LaTeX manual or LaTeX Companion for explanation.
Type  H <return>  for immediate help.
 ...                                              
                                                  
l.39    \HRule{13pt}{1pt}
                          \\
You're in trouble here.  Try typing  <return>  to proceed.
If that doesn't work, type  X <return>  to quit.


! LaTeX Error: Missing \begin{document}.

See the LaTeX manual or LaTeX Companion for explanation.
Type  H <return>  for immediate help.
 ...                                              
                                                  
l.40    \titleemph{Firma:}
                           \workFirma \\
You're in trouble here.  Try typing  <return>  to proceed.
If that doesn't work, type  X <return>  to quit.

! Undefined control sequence.
l.40    \titleemph{Firma:} \workFirma
                                      \\
The control sequence at the end of the top line
of your error message was never \def'ed. If you have
misspelled it (e.g., `\hobx'), type `I' and the correct
spelling (e.g., `I\hbox'). Otherwise just continue,
and I'll forget about whatever was undefined.


Overfull \hbox (29.36125pt too wide) in paragraph at lines 40--40
[]\OT1/cmss/bx/n/10 Firma:  
 []


! LaTeX Error: Missing \begin{document}.

See the LaTeX manual or LaTeX Companion for explanation.
Type  H <return>  for immediate help.
 ...                                              
                                                  
l.41    \titleemph{Betreuer:}
                              \workBetreuer
You're in trouble here.  Try typing  <return>  to proceed.
If that doesn't work, type  X <return>  to quit.

! Undefined control sequence.
l.41    \titleemph{Betreuer:} \workBetreuer
                                           
The control sequence at the end of the top line
of your error message was never \def'ed. If you have
misspelled it (e.g., `\hobx'), type `I' and the correct
spelling (e.g., `I\hbox'). Otherwise just continue,
and I'll forget about whatever was undefined.


! LaTeX Error: \begin{document} ended by \end{titlepage}.

See the LaTeX manual or LaTeX Companion for explanation.
Type  H <return>  for immediate help.
 ...                                              
                                                  
l.43 \end{titlepage}
                    
Your command was ignored.
Type  I <command> <return>  to replace it with another command,
or  <return>  to continue without it.

! Missing } inserted.
<inserted text> 
                }
l.43 \end{titlepage}
                    
I've inserted something that you may have forgotten.
(See the <inserted text> above.)
With luck, this will get me unwedged. But if you
really didn't forget anything, try typing `2' now; then
my insertion and my current dilemma will both disappear.

)
! Emergency stop.
<*> ./ch-aa-titel.tex
                     
*** (job aborted, no legal \end found)

 
Here is how much of TeX's memory you used:
 34 strings out of 479697
 680 string characters out of 2867134
 267170 words of memory out of 3000000
 17226 multiletter control sequences out of 15000+200000
 404029 words of font info for 29 fonts, out of 3000000 for 9000
 1141 hyphenation exceptions out of 8191
 18i,2n,15p,143b,145s stack positions out of 5000i,500n,10000p,200000b,50000s
!  ==> Fatal error occurred, no output PDF file produced!
